C51 COMPILER V9.60.0.0   TRAFFIC_LIGHT                                                     12/02/2022 20:21:00 PAGE 1   


C51 COMPILER V9.60.0.0, COMPILATION OF MODULE TRAFFIC_LIGHT
OBJECT MODULE PLACED IN .\Objects\traffic_light.obj
COMPILER INVOKED BY: C:\Keil_v5\C51\BIN\C51.EXE traffic_light.c OPTIMIZE(8,SPEED) BROWSE DEBUG OBJECTEXTEND PRINT(.\List
                    -ings\traffic_light.lst) TABS(2) OBJECT(.\Objects\traffic_light.obj)

line level    source

   1          #include<reg51.h>
   2          sbit red1=P1^0;
   3          sbit red2=P1^1;
   4          sbit red3=P1^2;
   5          
   6          sbit green1=P1^3;
   7          sbit green2=P1^4;
   8          sbit green3=P1^5;
   9          
  10          sbit yellow1=P1^6;
  11          sbit yellow2=P1^7;
  12          sbit yellow3=P2^0;
  13          
  14          void delay(unsigned int);
  15          void line2();
  16          void line3();
  17          void main(void)
  18          {
  19   1        red1=red2=red3=green1=green2=green3=yellow1=yellow2=yellow3=0;
  20   1          while(1)
  21   1          {
  22   2            
  23   2            yellow1=1;
  24   2            delay(120000);
  25   2            yellow1=0;
  26   2            red1=1;
  27   2            line2();
  28   2            red1=0;
  29   2            green1=1;
  30   2            delay(3100000);
  31   2            green1=0;   
  32   2          }
  33   1      }
  34          void delay(unsigned int itm)
  35          {
  36   1      unsigned int i,j;
  37   1          for(i=0;i<itm;i++);
  38   1            {
  39   2              for(j=0;j<65000;j++);
  40   2            }
  41   1      }
  42          
  43          void line2(){
  44   1            yellow2=0;
  45   1            red2=0;
  46   1            
  47   1            green2=1;
  48   1            delay(3100000);
  49   1            green2=0;
  50   1            yellow2=1;
  51   1            delay(120000);
  52   1            yellow2=0;
  53   1            red2=1;
  54   1            line3();
C51 COMPILER V9.60.0.0   TRAFFIC_LIGHT                                                     12/02/2022 20:21:00 PAGE 2   

  55   1      }
  56          void line3(){
  57   1            yellow3=0;
  58   1            red3=0;
  59   1            
  60   1            green3=1;
  61   1            delay(3100000);
  62   1            green3=0;
  63   1            yellow3=1;
  64   1            delay(120000);
  65   1            yellow3=0;
  66   1            red3=1;
  67   1      }


MODULE INFORMATION:   STATIC OVERLAYABLE
   CODE SIZE        =    144    ----
   CONSTANT SIZE    =   ----    ----
   XDATA SIZE       =   ----    ----
   PDATA SIZE       =   ----    ----
   DATA SIZE        =   ----    ----
   IDATA SIZE       =   ----    ----
   BIT SIZE         =   ----    ----
END OF MODULE INFORMATION.


C51 COMPILATION COMPLETE.  0 WARNING(S),  0 ERROR(S)
